easyPhotos/build/intermediates/manifest_merge_blame_file/debug/manifest-merger-blame-debug-report.txt
1<?xml version="1.0" encoding="utf-8"?>
2<manifest xmlns:android="http://schemas.android.com/apk/res/android"
3    xmlns:tools="http://schemas.android.com/tools"
4    package="com.huantansheng.easyphotos"
5    android:versionCode="1"
6    android:versionName="1.0" >
7
8    <uses-sdk
9        android:minSdkVersion="15"
9-->src\main\AndroidManifest.xml
10        android:targetSdkVersion="30" />
10-->src\main\AndroidManifest.xml
11
12    <uses-permission android:name="android.permission.CAMERA" />
12-->src\main\AndroidManifest.xml:7:5-65
12-->src\main\AndroidManifest.xml:7:22-62
13    <uses-permission android:name="android.permission.READ_EXTERNAL_STORAGE" />
13-->src\main\AndroidManifest.xml:8:5-80
13-->src\main\AndroidManifest.xml:8:22-77
14    <uses-permission android:name="android.permission.WRITE_EXTERNAL_STORAGE" />
14-->src\main\AndroidManifest.xml:9:5-81
14-->src\main\AndroidManifest.xml:9:22-78
15    <uses-permission
15-->src\main\AndroidManifest.xml:10:5-12:47
16        android:name="android.permission.MOUNT_UNMOUNT_FILESYSTEMS"
16-->src\main\AndroidManifest.xml:11:9-68
17        tools:ignore="ProtectedPermissions" />
17-->src\main\AndroidManifest.xml:12:9-44
18
19    <application
19-->src\main\AndroidManifest.xml:15:5-41:19
20        android:allowBackup="true"
20-->src\main\AndroidManifest.xml:16:9-35
21        android:requestLegacyExternalStorage="true"
21-->src\main\AndroidManifest.xml:17:9-52
22        android:supportsRtl="true" >
22-->src\main\AndroidManifest.xml:18:9-35
23        <activity
23-->src\main\AndroidManifest.xml:19:9-23:54
24            android:name="com.huantansheng.easyphotos.ui.EasyPhotosActivity"
24-->src\main\AndroidManifest.xml:20:13-50
25            android:configChanges="orientation|keyboardHidden|screenSize"
25-->src\main\AndroidManifest.xml:21:13-74
26            android:screenOrientation="portrait"
26-->src\main\AndroidManifest.xml:22:13-49
27            android:theme="@style/EasyPhotosTheme" />
27-->src\main\AndroidManifest.xml:23:13-51
28        <activity
28-->src\main\AndroidManifest.xml:24:9-28:64
29            android:name="com.huantansheng.easyphotos.ui.PreviewActivity"
29-->src\main\AndroidManifest.xml:25:13-47
30            android:configChanges="orientation|keyboardHidden|screenSize"
30-->src\main\AndroidManifest.xml:26:13-74
31            android:screenOrientation="portrait"
31-->src\main\AndroidManifest.xml:27:13-49
32            android:theme="@style/EasyPhotosFullscreenTheme" />
32-->src\main\AndroidManifest.xml:28:13-61
33        <activity
33-->src\main\AndroidManifest.xml:29:9-34:55
34            android:name="com.huantansheng.easyphotos.ui.PuzzleActivity"
34-->src\main\AndroidManifest.xml:30:13-46
35            android:configChanges="orientation|keyboardHidden|screenSize"
35-->src\main\AndroidManifest.xml:31:13-74
36            android:screenOrientation="portrait"
36-->src\main\AndroidManifest.xml:32:13-49
37            android:theme="@style/EasyPhotosTheme"
37-->src\main\AndroidManifest.xml:33:13-51
38            android:windowSoftInputMode="adjustPan" />
38-->src\main\AndroidManifest.xml:34:13-52
39        <activity
39-->src\main\AndroidManifest.xml:36:9-40:54
40            android:name="com.huantansheng.easyphotos.ui.PuzzleSelectorActivity"
40-->src\main\AndroidManifest.xml:37:13-54
41            android:configChanges="orientation|keyboardHidden|screenSize"
41-->src\main\AndroidManifest.xml:38:13-74
42            android:screenOrientation="portrait"
42-->src\main\AndroidManifest.xml:39:13-49
43            android:theme="@style/EasyPhotosTheme" />
43-->src\main\AndroidManifest.xml:40:13-51
44    </application>
45
46</manifest>